<?xml version="1.0" ?>
<!DOCTYPE coverage SYSTEM "https://cobertura.sourceforge.net/xml/coverage-04.dtd">
<coverage branch-rate="0" branches-covered="0" branches-valid="0" complexity="0" line-rate="0.8706319702602231" lines-covered="2342" lines-valid="2690" timestamp="1759709891" version="2.0.3">
    <sources>
        <source>/home/driemworks/ideal/idn-sdk</source>
    </sources>
    <packages>
        <package line-rate="0.9864864864864865" branch-rate="0" name="primitives.crypto.src" complexity="0">
            <classes>
                <class branch-rate="0" complexity="0" filename="primitives/crypto/src/verifier.rs" line-rate="1" name="primitives.crypto.src.verifier.rs">
                    <methods>
                        <method name="sp_idn_crypto::verifier::tests::get_beacon_pk" signature="" complexity="0" line-rate="1" branch-rate="1">
                            <lines>
                                <line hits="6" number="78" branch="false"/>
                            </lines>
                        </method>
                        <method name="sp_idn_crypto::verifier::tests::test_verifier_with_empty_inputs" signature="" complexity="0" line-rate="1" branch-rate="1">
                            <lines>
                                <line hits="1" number="158" branch="false"/>
                            </lines>
                        </method>
                        <method name="sp_idn_crypto::verifier::tests::can_verify_invalid_with_bad_message" signature="" complexity="0" line-rate="1" branch-rate="1">
                            <lines>
                                <line hits="1" number="115" branch="false"/>
                            </lines>
                        </method>
                        <method name="sp_idn_crypto::verifier::tests::test_verifier_handles_invalid_message" signature="" complexity="0" line-rate="1" branch-rate="1">
                            <lines>
                                <line hits="1" number="147" branch="false"/>
                            </lines>
                        </method>
                        <method name="sp_idn_crypto::verifier::tests::test_verifier_with_corrupted_signature" signature="" complexity="0" line-rate="1" branch-rate="1">
                            <lines>
                                <line hits="1" number="165" branch="false"/>
                            </lines>
                        </method>
                        <method name="sp_idn_crypto::verifier::tests::test_verifier_handles_invalid_signature" signature="" complexity="0" line-rate="1" branch-rate="1">
                            <lines>
                                <line hits="1" number="136" branch="false"/>
                            </lines>
                        </method>
                        <method name="sp_idn_crypto::verifier::tests::test_verifier_handles_invalid_public_key" signature="" complexity="0" line-rate="1" branch-rate="1">
                            <lines>
                                <line hits="1" number="126" branch="false"/>
                            </lines>
                        </method>
                        <method name="sp_idn_crypto::verifier::tests::test_verifier_works_with_drand_quicknet_values" signature="" complexity="0" line-rate="1" branch-rate="1">
                            <lines>
                                <line hits="1" number="86" branch="false"/>
                            </lines>
                        </method>
                        <method name="sp_idn_crypto::verifier::tests::test_verifier_returns_errors_if_verification_fails" signature="" complexity="0" line-rate="1" branch-rate="1">
                            <lines>
                                <line hits="1" number="100" branch="false"/>
                            </lines>
                        </method>
                        <method name="&lt;sp_idn_crypto::verifier::QuicknetVerifier as sp_idn_crypto::verifier::SignatureVerifier&gt;::verify" signature="" complexity="0" line-rate="1" branch-rate="1">
                            <lines>
                                <line hits="11" number="52" branch="false"/>
                            </lines>
                        </method>
                        <method name="&lt;sp_idn_crypto::verifier::QuicknetVerifier as sp_idn_crypto::verifier::SignatureVerifier&gt;::verify" signature="" complexity="0" line-rate="1" branch-rate="1">
                            <lines>
                                <line hits="8" number="52" branch="false"/>
                            </lines>
                        </method>
                    </methods>
                    <lines>
                        <line branch="false" hits="19" number="52"/>
                        <line branch="false" hits="19" number="53"/>
                        <line branch="false" hits="19" number="54"/>
                        <line branch="false" hits="19" number="55"/>
                        <line branch="false" hits="19" number="56"/>
                        <line branch="false" hits="19" number="57"/>
                        <line branch="false" hits="17" number="60"/>
                        <line branch="false" hits="15" number="61"/>
                        <line branch="false" hits="14" number="63"/>
                        <line branch="false" hits="14" number="64"/>
                        <line branch="false" hits="4" number="65"/>
                        <line branch="false" hits="10" number="66"/>
                        <line branch="false" hits="10" number="68"/>
                        <line branch="false" hits="19" number="69"/>
                        <line branch="false" hits="6" number="78"/>
                        <line branch="false" hits="6" number="79"/>
                        <line branch="false" hits="6" number="80"/>
                        <line branch="false" hits="6" number="81"/>
                        <line branch="false" hits="1" number="86"/>
                        <line branch="false" hits="1" number="87"/>
                        <line branch="false" hits="1" number="88"/>
                        <line branch="false" hits="1" number="90"/>
                        <line branch="false" hits="1" number="91"/>
                        <line branch="false" hits="1" number="92"/>
                        <line branch="false" hits="1" number="93"/>
                        <line branch="false" hits="1" number="96"/>
                        <line branch="false" hits="1" number="97"/>
                        <line branch="false" hits="1" number="100"/>
                        <line branch="false" hits="1" number="101"/>
                        <line branch="false" hits="1" number="102"/>
                        <line branch="false" hits="1" number="103"/>
                        <line branch="false" hits="1" number="105"/>
                        <line branch="false" hits="1" number="106"/>
                        <line branch="false" hits="1" number="107"/>
                        <line branch="false" hits="1" number="108"/>
                        <line branch="false" hits="1" number="110"/>
                        <line branch="false" hits="1" number="111"/>
                        <line branch="false" hits="1" number="112"/>
                        <line branch="false" hits="1" number="115"/>
                        <line branch="false" hits="1" number="116"/>
                        <line branch="false" hits="1" number="117"/>
                        <line branch="false" hits="1" number="118"/>
                        <line branch="false" hits="1" number="120"/>
                        <line branch="false" hits="1" number="121"/>
                        <line branch="false" hits="1" number="122"/>
                        <line branch="false" hits="1" number="123"/>
                        <line branch="false" hits="1" number="126"/>
                        <line branch="false" hits="1" number="127"/>
                        <line branch="false" hits="1" number="128"/>
                        <line branch="false" hits="1" number="130"/>
                        <line branch="false" hits="1" number="131"/>
                        <line branch="false" hits="1" number="132"/>
                        <line branch="false" hits="1" number="133"/>
                        <line branch="false" hits="1" number="136"/>
                        <line branch="false" hits="1" number="137"/>
                        <line branch="false" hits="1" number="138"/>
                        <line branch="false" hits="1" number="139"/>
                        <line branch="false" hits="1" number="141"/>
                        <line branch="false" hits="1" number="142"/>
                        <line branch="false" hits="1" number="143"/>
                        <line branch="false" hits="1" number="144"/>
                        <line branch="false" hits="1" number="147"/>
                        <line branch="false" hits="1" number="148"/>
                        <line branch="false" hits="1" number="149"/>
                        <line branch="false" hits="1" number="150"/>
                        <line branch="false" hits="1" number="152"/>
                        <line branch="false" hits="1" number="153"/>
                        <line branch="false" hits="1" number="154"/>
                        <line branch="false" hits="1" number="155"/>
                        <line branch="false" hits="1" number="158"/>
                        <line branch="false" hits="1" number="159"/>
                        <line branch="false" hits="1" number="160"/>
                        <line branch="false" hits="1" number="161"/>
                        <line branch="false" hits="1" number="162"/>
                        <line branch="false" hits="1" number="165"/>
                        <line branch="false" hits="1" number="166"/>
                        <line branch="false" hits="1" number="167"/>
                        <line branch="false" hits="1" number="170"/>
                        <line branch="false" hits="1" number="171"/>
                        <line branch="false" hits="1" number="172"/>
                        <line branch="false" hits="1" number="174"/>
                        <line branch="false" hits="1" number="175"/>
                        <line branch="false" hits="1" number="176"/>
                        <line branch="false" hits="1" number="177"/>
                    </lines>
                </class>
                <class branch-rate="0" complexity="0" filename="primitives/crypto/src/bls12_381.rs" line-rate="0.958904109589041" name="primitives.crypto.src.bls12_381.rs">
                    <methods>
                        <method name="sp_idn_crypto::bls12_381::zero_on_g1" signature="" complexity="0" line-rate="1" branch-rate="1">
                            <lines>
                                <line hits="25" number="63" branch="false"/>
                            </lines>
                        </method>
                        <method name="sp_idn_crypto::bls12_381::fast_pairing_opt" signature="" complexity="0" line-rate="1" branch-rate="1">
                            <lines>
                                <line hits="11" number="53" branch="false"/>
                            </lines>
                        </method>
                        <method name="sp_idn_crypto::bls12_381::decode_g1" signature="" complexity="0" line-rate="1" branch-rate="1">
                            <lines>
                                <line hits="85" number="68" branch="false"/>
                            </lines>
                        </method>
                        <method name="sp_idn_crypto::bls12_381::decode_g2" signature="" complexity="0" line-rate="1" branch-rate="1">
                            <lines>
                                <line hits="11" number="73" branch="false"/>
                            </lines>
                        </method>
                        <method name="sp_idn_crypto::bls12_381::zero_on_g1" signature="" complexity="0" line-rate="1" branch-rate="1">
                            <lines>
                                <line hits="2" number="63" branch="false"/>
                            </lines>
                        </method>
                        <method name="sp_idn_crypto::bls12_381::fast_pairing_opt" signature="" complexity="0" line-rate="1" branch-rate="1">
                            <lines>
                                <line hits="6" number="53" branch="false"/>
                            </lines>
                        </method>
                        <method name="sp_idn_crypto::bls12_381::decode_g1" signature="" complexity="0" line-rate="1" branch-rate="1">
                            <lines>
                                <line hits="22" number="68" branch="false"/>
                            </lines>
                        </method>
                        <method name="sp_idn_crypto::bls12_381::decode_g2" signature="" complexity="0" line-rate="1" branch-rate="1">
                            <lines>
                                <line hits="10" number="73" branch="false"/>
                            </lines>
                        </method>
                        <method name="sp_idn_crypto::bls12_381::tests::test_zero_on_g1" signature="" complexity="0" line-rate="1" branch-rate="1">
                            <lines>
                                <line hits="1" number="132" branch="false"/>
                            </lines>
                        </method>
                        <method name="sp_idn_crypto::bls12_381::tests::test_decode_g1_invalid" signature="" complexity="0" line-rate="1" branch-rate="1">
                            <lines>
                                <line hits="1" number="150" branch="false"/>
                            </lines>
                        </method>
                        <method name="sp_idn_crypto::bls12_381::tests::test_decode_g2_invalid" signature="" complexity="0" line-rate="1" branch-rate="1">
                            <lines>
                                <line hits="1" number="172" branch="false"/>
                            </lines>
                        </method>
                        <method name="sp_idn_crypto::bls12_381::tests::test_decode_g1_roundtrip" signature="" complexity="0" line-rate="1" branch-rate="1">
                            <lines>
                                <line hits="1" number="139" branch="false"/>
                            </lines>
                        </method>
                        <method name="sp_idn_crypto::bls12_381::tests::test_decode_g2_roundtrip" signature="" complexity="0" line-rate="1" branch-rate="1">
                            <lines>
                                <line hits="1" number="159" branch="false"/>
                            </lines>
                        </method>
                        <method name="sp_idn_crypto::bls12_381::tests::test_fast_pairing_opt_zero_result" signature="" complexity="0" line-rate="1" branch-rate="1">
                            <lines>
                                <line hits="1" number="122" branch="false"/>
                            </lines>
                        </method>
                        <method name="sp_idn_crypto::bls12_381::tests::test_fast_pairing_opt_valid_pairing" signature="" complexity="0" line-rate="1" branch-rate="1">
                            <lines>
                                <line hits="1" number="87" branch="false"/>
                            </lines>
                        </method>
                        <method name="sp_idn_crypto::bls12_381::tests::test_fast_pairing_opt_invalid_pairing" signature="" complexity="0" line-rate="1" branch-rate="1">
                            <lines>
                                <line hits="1" number="107" branch="false"/>
                            </lines>
                        </method>
                    </methods>
                    <lines>
                        <line branch="false" hits="17" number="53"/>
                        <line branch="false" hits="17" number="54"/>
                        <line branch="false" hits="17" number="55"/>
                        <line branch="false" hits="17" number="56"/>
                        <line branch="false" hits="0" number="57"/>
                        <line branch="false" hits="0" number="59"/>
                        <line branch="false" hits="17" number="60"/>
                        <line branch="false" hits="27" number="63"/>
                        <line branch="false" hits="27" number="64"/>
                        <line branch="false" hits="27" number="65"/>
                        <line branch="false" hits="107" number="68"/>
                        <line branch="false" hits="107" number="69"/>
                        <line branch="false" hits="107" number="70"/>
                        <line branch="false" hits="21" number="73"/>
                        <line branch="false" hits="21" number="74"/>
                        <line branch="false" hits="21" number="75"/>
                        <line branch="false" hits="1" number="87"/>
                        <line branch="false" hits="1" number="88"/>
                        <line branch="false" hits="1" number="91"/>
                        <line branch="false" hits="1" number="92"/>
                        <line branch="false" hits="1" number="95"/>
                        <line branch="false" hits="1" number="98"/>
                        <line branch="false" hits="1" number="99"/>
                        <line branch="false" hits="1" number="100"/>
                        <line branch="false" hits="1" number="101"/>
                        <line branch="false" hits="1" number="103"/>
                        <line branch="false" hits="1" number="104"/>
                        <line branch="false" hits="1" number="107"/>
                        <line branch="false" hits="1" number="108"/>
                        <line branch="false" hits="1" number="110"/>
                        <line branch="false" hits="1" number="111"/>
                        <line branch="false" hits="1" number="113"/>
                        <line branch="false" hits="1" number="114"/>
                        <line branch="false" hits="1" number="115"/>
                        <line branch="false" hits="1" number="116"/>
                        <line branch="false" hits="1" number="118"/>
                        <line branch="false" hits="1" number="119"/>
                        <line branch="false" hits="1" number="122"/>
                        <line branch="false" hits="1" number="124"/>
                        <line branch="false" hits="1" number="125"/>
                        <line branch="false" hits="1" number="127"/>
                        <line branch="false" hits="1" number="128"/>
                        <line branch="false" hits="1" number="132"/>
                        <line branch="false" hits="1" number="133"/>
                        <line branch="false" hits="1" number="134"/>
                        <line branch="false" hits="1" number="135"/>
                        <line branch="false" hits="1" number="139"/>
                        <line branch="false" hits="1" number="141"/>
                        <line branch="false" hits="1" number="142"/>
                        <line branch="false" hits="1" number="143"/>
                        <line branch="false" hits="1" number="144"/>
                        <line branch="false" hits="1" number="145"/>
                        <line branch="false" hits="1" number="146"/>
                        <line branch="false" hits="1" number="150"/>
                        <line branch="false" hits="1" number="151"/>
                        <line branch="false" hits="1" number="152"/>
                        <line branch="false" hits="1" number="153"/>
                        <line branch="false" hits="1" number="154"/>
                        <line branch="false" hits="1" number="155"/>
                        <line branch="false" hits="1" number="159"/>
                        <line branch="false" hits="1" number="160"/>
                        <line branch="false" hits="1" number="161"/>
                        <line branch="false" hits="1" number="162"/>
                        <line branch="false" hits="1" number="163"/>
                        <line branch="false" hits="1" number="164"/>
                        <line branch="false" hits="0" number="166"/>
                        <line branch="false" hits="1" number="168"/>
                        <line branch="false" hits="1" number="172"/>
                        <line branch="false" hits="1" number="173"/>
                        <line branch="false" hits="1" number="174"/>
                        <line branch="false" hits="1" number="175"/>
                        <line branch="false" hits="1" number="176"/>
                        <line branch="false" hits="1" number="177"/>
                    </lines>
                </class>
                <class branch-rate="0" complexity="0" filename="primitives/crypto/src/drand.rs" line-rate="1" name="primitives.crypto.src.drand.rs">
                    <methods>
                        <method name="sp_idn_crypto::drand::compute_round_on_g1" signature="" complexity="0" line-rate="1" branch-rate="1">
                            <lines>
                                <line hits="63" number="47" branch="false"/>
                            </lines>
                        </method>
                        <method name="sp_idn_crypto::drand::message" signature="" complexity="0" line-rate="1" branch-rate="1">
                            <lines>
                                <line hits="63" number="39" branch="false"/>
                            </lines>
                        </method>
                        <method name="sp_idn_crypto::drand::compute_round_on_g1" signature="" complexity="0" line-rate="1" branch-rate="1">
                            <lines>
                                <line hits="10" number="47" branch="false"/>
                            </lines>
                        </method>
                        <method name="sp_idn_crypto::drand::message" signature="" complexity="0" line-rate="1" branch-rate="1">
                            <lines>
                                <line hits="14" number="39" branch="false"/>
                            </lines>
                        </method>
                        <method name="sp_idn_crypto::drand::tests::test_compute_round_on_g1" signature="" complexity="0" line-rate="1" branch-rate="1">
                            <lines>
                                <line hits="1" number="92" branch="false"/>
                            </lines>
                        </method>
                        <method name="sp_idn_crypto::drand::tests::test_message_deterministic" signature="" complexity="0" line-rate="1" branch-rate="1">
                            <lines>
                                <line hits="1" number="72" branch="false"/>
                            </lines>
                        </method>
                        <method name="sp_idn_crypto::drand::tests::test_message_different_rounds" signature="" complexity="0" line-rate="1" branch-rate="1">
                            <lines>
                                <line hits="1" number="83" branch="false"/>
                            </lines>
                        </method>
                    </methods>
                    <lines>
                        <line branch="false" hits="77" number="39"/>
                        <line branch="false" hits="77" number="40"/>
                        <line branch="false" hits="77" number="41"/>
                        <line branch="false" hits="77" number="42"/>
                        <line branch="false" hits="77" number="43"/>
                        <line branch="false" hits="77" number="44"/>
                        <line branch="false" hits="73" number="47"/>
                        <line branch="false" hits="73" number="48"/>
                        <line branch="false" hits="73" number="49"/>
                        <line branch="false" hits="73" number="50"/>
                        <line branch="false" hits="73" number="51"/>
                        <line branch="false" hits="73" number="52"/>
                        <line branch="false" hits="73" number="53"/>
                        <line branch="false" hits="73" number="54"/>
                        <line branch="false" hits="73" number="56"/>
                        <line branch="false" hits="73" number="58"/>
                        <line branch="false" hits="73" number="59"/>
                        <line branch="false" hits="73" number="60"/>
                        <line branch="false" hits="73" number="61"/>
                        <line branch="false" hits="73" number="63"/>
                        <line branch="false" hits="73" number="64"/>
                        <line branch="false" hits="1" number="72"/>
                        <line branch="false" hits="1" number="73"/>
                        <line branch="false" hits="1" number="74"/>
                        <line branch="false" hits="1" number="75"/>
                        <line branch="false" hits="1" number="76"/>
                        <line branch="false" hits="1" number="77"/>
                        <line branch="false" hits="1" number="78"/>
                        <line branch="false" hits="1" number="79"/>
                        <line branch="false" hits="1" number="83"/>
                        <line branch="false" hits="1" number="84"/>
                        <line branch="false" hits="1" number="85"/>
                        <line branch="false" hits="1" number="86"/>
                        <line branch="false" hits="1" number="87"/>
                        <line branch="false" hits="1" number="88"/>
                        <line branch="false" hits="1" number="92"/>
                        <line branch="false" hits="1" number="93"/>
                        <line branch="false" hits="1" number="94"/>
                        <line branch="false" hits="1" number="95"/>
                        <line branch="false" hits="1" number="96"/>
                        <line branch="false" hits="1" number="99"/>
                        <line branch="false" hits="1" number="100"/>
                    </lines>
                </class>
                <class branch-rate="0" complexity="0" filename="primitives/crypto/src/test_utils.rs" line-rate="1" name="primitives.crypto.src.test_utils.rs">
                    <methods>
                        <method name="sp_idn_crypto::test_utils::get_beacon_pk" signature="" complexity="0" line-rate="1" branch-rate="1">
                            <lines>
                                <line hits="10" number="34" branch="false"/>
                            </lines>
                        </method>
                        <method name="sp_idn_crypto::test_utils::get" signature="" complexity="0" line-rate="1" branch-rate="1">
                            <lines>
                                <line hits="8" number="40" branch="false"/>
                            </lines>
                        </method>
                        <method name="sp_idn_crypto::test_utils::get_beacon_pk" signature="" complexity="0" line-rate="0" branch-rate="0">
                            <lines>
                                <line hits="0" number="34" branch="false"/>
                            </lines>
                        </method>
                        <method name="sp_idn_crypto::test_utils::get" signature="" complexity="0" line-rate="1" branch-rate="1">
                            <lines>
                                <line hits="9" number="40" branch="false"/>
                            </lines>
                        </method>
                    </methods>
                    <lines>
                        <line branch="false" hits="10" number="34"/>
                        <line branch="false" hits="10" number="35"/>
                        <line branch="false" hits="10" number="36"/>
                        <line branch="false" hits="10" number="37"/>
                        <line branch="false" hits="17" number="40"/>
                        <line branch="false" hits="17" number="41"/>
                        <line branch="false" hits="17" number="42"/>
                        <line branch="false" hits="17" number="44"/>
                        <line branch="false" hits="42" number="46"/>
                        <line branch="false" hits="25" number="47"/>
                        <line branch="false" hits="25" number="48"/>
                        <line branch="false" hits="25" number="49"/>
                        <line branch="false" hits="25" number="50"/>
                        <line branch="false" hits="25" number="51"/>
                        <line branch="false" hits="25" number="52"/>
                        <line branch="false" hits="25" number="53"/>
                        <line branch="false" hits="25" number="54"/>
                        <line branch="false" hits="17" number="56"/>
                        <line branch="false" hits="17" number="57"/>
                        <line branch="false" hits="17" number="59"/>
                        <line branch="false" hits="17" number="60"/>
                        <line branch="false" hits="17" number="62"/>
                        <line branch="false" hits="17" number="63"/>
                    </lines>
                </class>
            </classes>
        </package>
        <package line-rate="0.79375" branch-rate="0" name="pallets.idn-manager.src.traits" complexity="0">
            <classes>
                <class branch-rate="0" complexity="0" filename="pallets/idn-manager/src/traits/example.rs" line-rate="0.8013245033112583" name="pallets.idn-manager.src.traits.example.rs">
                    <methods>
                        <method name="pallet_idn_manager::traits::example::tests::test_no_price_inversion" signature="" complexity="0" line-rate="1" branch-rate="1">
                            <lines>
                                <line hits="1" number="253" branch="false"/>
                            </lines>
                        </method>
                        <method name="pallet_idn_manager::traits::example::tests::test_linear_fee_calculator" signature="" complexity="0" line-rate="1" branch-rate="1">
                            <lines>
                                <line hits="1" number="172" branch="false"/>
                            </lines>
                        </method>
                        <method name="pallet_idn_manager::traits::example::tests::test_stepped_tiered_calculator" signature="" complexity="0" line-rate="1" branch-rate="1">
                            <lines>
                                <line hits="1" number="223" branch="false"/>
                            </lines>
                        </method>
                        <method name="pallet_idn_manager::traits::example::tests::test_calculate_release_linear_fees_no_diff" signature="" complexity="0" line-rate="1" branch-rate="1">
                            <lines>
                                <line hits="1" number="181" branch="false"/>
                            </lines>
                        </method>
                        <method name="pallet_idn_manager::traits::example::tests::test_calculate_release_stepped_fees_no_diff" signature="" complexity="0" line-rate="1" branch-rate="1">
                            <lines>
                                <line hits="1" number="268" branch="false"/>
                            </lines>
                        </method>
                        <method name="pallet_idn_manager::traits::example::tests::test_calculate_hold_linear_fees_greater_diff" signature="" complexity="0" line-rate="1" branch-rate="1">
                            <lines>
                                <line hits="1" number="210" branch="false"/>
                            </lines>
                        </method>
                        <method name="pallet_idn_manager::traits::example::tests::test_calculate_hold_stepped_fees_greater_diff" signature="" complexity="0" line-rate="1" branch-rate="1">
                            <lines>
                                <line hits="1" number="296" branch="false"/>
                            </lines>
                        </method>
                        <method name="pallet_idn_manager::traits::example::tests::test_calculate_release_linear_fees_lower_diff" signature="" complexity="0" line-rate="1" branch-rate="1">
                            <lines>
                                <line hits="1" number="196" branch="false"/>
                            </lines>
                        </method>
                        <method name="pallet_idn_manager::traits::example::tests::test_calculate_release_stepped_fees_lower_diff" signature="" complexity="0" line-rate="1" branch-rate="1">
                            <lines>
                                <line hits="1" number="282" branch="false"/>
                            </lines>
                        </method>
                        <method name="&lt;pallet_idn_manager::traits::example::DiffBalanceImpl&lt;_&gt; as pallet_idn_manager::traits::DiffBalance&lt;_&gt;&gt;::balance" signature="" complexity="0" line-rate="0" branch-rate="0">
                            <lines>
                                <line hits="0" number="33" branch="false"/>
                            </lines>
                        </method>
                        <method name="&lt;pallet_idn_manager::traits::example::DiffBalanceImpl&lt;_&gt; as pallet_idn_manager::traits::DiffBalance&lt;_&gt;&gt;::direction" signature="" complexity="0" line-rate="0" branch-rate="0">
                            <lines>
                                <line hits="0" number="36" branch="false"/>
                            </lines>
                        </method>
                        <method name="&lt;pallet_idn_manager::traits::example::DiffBalanceImpl&lt;u32&gt; as pallet_idn_manager::traits::DiffBalance&lt;u32&gt;&gt;::new" signature="" complexity="0" line-rate="1" branch-rate="1">
                            <lines>
                                <line hits="12" number="39" branch="false"/>
                            </lines>
                        </method>
                        <method name="&lt;pallet_idn_manager::traits::example::LinearFeeCalculator as pallet_idn_manager::traits::FeesManager&lt;u32, u32, u32, u32, (), (), (), pallet_idn_manager::traits::example::DiffBalanceImpl&lt;u32&gt;&gt;&gt;::collect_fees" signature="" complexity="0" line-rate="0" branch-rate="0">
                            <lines>
                                <line hits="0" number="73" branch="false"/>
                            </lines>
                        </method>
                        <method name="&lt;pallet_idn_manager::traits::example::LinearFeeCalculator as pallet_idn_manager::traits::FeesManager&lt;u32, u32, u32, u32, (), (), (), pallet_idn_manager::traits::example::DiffBalanceImpl&lt;u32&gt;&gt;&gt;::get_idle_credits" signature="" complexity="0" line-rate="0" branch-rate="0">
                            <lines>
                                <line hits="0" number="83" branch="false"/>
                            </lines>
                        </method>
                        <method name="&lt;pallet_idn_manager::traits::example::LinearFeeCalculator as pallet_idn_manager::traits::FeesManager&lt;u32, u32, u32, u32, (), (), (), pallet_idn_manager::traits::example::DiffBalanceImpl&lt;u32&gt;&gt;&gt;::calculate_diff_fees" signature="" complexity="0" line-rate="1" branch-rate="1">
                            <lines>
                                <line hits="3" number="57" branch="false"/>
                            </lines>
                        </method>
                        <method name="&lt;pallet_idn_manager::traits::example::LinearFeeCalculator as pallet_idn_manager::traits::FeesManager&lt;u32, u32, u32, u32, (), (), (), pallet_idn_manager::traits::example::DiffBalanceImpl&lt;u32&gt;&gt;&gt;::get_consume_credits" signature="" complexity="0" line-rate="0" branch-rate="0">
                            <lines>
                                <line hits="0" number="78" branch="false"/>
                            </lines>
                        </method>
                        <method name="&lt;pallet_idn_manager::traits::example::LinearFeeCalculator as pallet_idn_manager::traits::FeesManager&lt;u32, u32, u32, u32, (), (), (), pallet_idn_manager::traits::example::DiffBalanceImpl&lt;u32&gt;&gt;&gt;::calculate_subscription_fees" signature="" complexity="0" line-rate="1" branch-rate="1">
                            <lines>
                                <line hits="5" number="53" branch="false"/>
                            </lines>
                        </method>
                        <method name="&lt;pallet_idn_manager::traits::example::SteppedTieredFeeCalculator as pallet_idn_manager::traits::FeesManager&lt;u32, u32, u32, u32, (), (), (), pallet_idn_manager::traits::example::DiffBalanceImpl&lt;u32&gt;&gt;&gt;::collect_fees" signature="" complexity="0" line-rate="0" branch-rate="0">
                            <lines>
                                <line hits="0" number="152" branch="false"/>
                            </lines>
                        </method>
                        <method name="&lt;pallet_idn_manager::traits::example::SteppedTieredFeeCalculator as pallet_idn_manager::traits::FeesManager&lt;u32, u32, u32, u32, (), (), (), pallet_idn_manager::traits::example::DiffBalanceImpl&lt;u32&gt;&gt;&gt;::get_idle_credits" signature="" complexity="0" line-rate="0" branch-rate="0">
                            <lines>
                                <line hits="0" number="160" branch="false"/>
                            </lines>
                        </method>
                        <method name="&lt;pallet_idn_manager::traits::example::SteppedTieredFeeCalculator as pallet_idn_manager::traits::FeesManager&lt;u32, u32, u32, u32, (), (), (), pallet_idn_manager::traits::example::DiffBalanceImpl&lt;u32&gt;&gt;&gt;::calculate_diff_fees" signature="" complexity="0" line-rate="1" branch-rate="1">
                            <lines>
                                <line hits="3" number="135" branch="false"/>
                            </lines>
                        </method>
                        <method name="&lt;pallet_idn_manager::traits::example::SteppedTieredFeeCalculator as pallet_idn_manager::traits::FeesManager&lt;u32, u32, u32, u32, (), (), (), pallet_idn_manager::traits::example::DiffBalanceImpl&lt;u32&gt;&gt;&gt;::get_consume_credits" signature="" complexity="0" line-rate="0" branch-rate="0">
                            <lines>
                                <line hits="0" number="156" branch="false"/>
                            </lines>
                        </method>
                        <method name="&lt;pallet_idn_manager::traits::example::SteppedTieredFeeCalculator as pallet_idn_manager::traits::FeesManager&lt;u32, u32, u32, u32, (), (), (), pallet_idn_manager::traits::example::DiffBalanceImpl&lt;u32&gt;&gt;&gt;::calculate_subscription_fees" signature="" complexity="0" line-rate="1" branch-rate="1">
                            <lines>
                                <line hits="16" number="99" branch="false"/>
                            </lines>
                        </method>
                    </methods>
                    <lines>
                        <line branch="false" hits="0" number="33"/>
                        <line branch="false" hits="0" number="34"/>
                        <line branch="false" hits="0" number="35"/>
                        <line branch="false" hits="0" number="36"/>
                        <line branch="false" hits="0" number="37"/>
                        <line branch="false" hits="0" number="38"/>
                        <line branch="false" hits="12" number="39"/>
                        <line branch="false" hits="12" number="40"/>
                        <line branch="false" hits="12" number="41"/>
                        <line branch="false" hits="5" number="53"/>
                        <line branch="false" hits="5" number="54"/>
                        <line branch="false" hits="5" number="55"/>
                        <line branch="false" hits="3" number="57"/>
                        <line branch="false" hits="3" number="58"/>
                        <line branch="false" hits="3" number="59"/>
                        <line branch="false" hits="1" number="61"/>
                        <line branch="false" hits="1" number="62"/>
                        <line branch="false" hits="1" number="65"/>
                        <line branch="false" hits="1" number="66"/>
                        <line branch="false" hits="1" number="68"/>
                        <line branch="false" hits="3" number="70"/>
                        <line branch="false" hits="3" number="71"/>
                        <line branch="false" hits="0" number="73"/>
                        <line branch="false" hits="0" number="75"/>
                        <line branch="false" hits="0" number="76"/>
                        <line branch="false" hits="0" number="78"/>
                        <line branch="false" hits="0" number="80"/>
                        <line branch="false" hits="0" number="81"/>
                        <line branch="false" hits="0" number="83"/>
                        <line branch="false" hits="0" number="85"/>
                        <line branch="false" hits="0" number="86"/>
                        <line branch="false" hits="16" number="99"/>
                        <line branch="false" hits="16" number="109"/>
                        <line branch="false" hits="16" number="110"/>
                        <line branch="false" hits="51" number="112"/>
                        <line branch="false" hits="51" number="114"/>
                        <line branch="false" hits="16" number="115"/>
                        <line branch="false" hits="35" number="116"/>
                        <line branch="false" hits="35" number="118"/>
                        <line branch="false" hits="35" number="119"/>
                        <line branch="false" hits="35" number="120"/>
                        <line branch="false" hits="35" number="121"/>
                        <line branch="false" hits="35" number="123"/>
                        <line branch="false" hits="35" number="124"/>
                        <line branch="false" hits="35" number="125"/>
                        <line branch="false" hits="35" number="126"/>
                        <line branch="false" hits="35" number="128"/>
                        <line branch="false" hits="35" number="129"/>
                        <line branch="false" hits="16" number="132"/>
                        <line branch="false" hits="16" number="133"/>
                        <line branch="false" hits="3" number="135"/>
                        <line branch="false" hits="3" number="136"/>
                        <line branch="false" hits="3" number="137"/>
                        <line branch="false" hits="3" number="138"/>
                        <line branch="false" hits="3" number="139"/>
                        <line branch="false" hits="1" number="141"/>
                        <line branch="false" hits="1" number="142"/>
                        <line branch="false" hits="1" number="145"/>
                        <line branch="false" hits="1" number="146"/>
                        <line branch="false" hits="1" number="148"/>
                        <line branch="false" hits="3" number="150"/>
                        <line branch="false" hits="3" number="151"/>
                        <line branch="false" hits="0" number="152"/>
                        <line branch="false" hits="0" number="154"/>
                        <line branch="false" hits="0" number="155"/>
                        <line branch="false" hits="0" number="156"/>
                        <line branch="false" hits="0" number="158"/>
                        <line branch="false" hits="0" number="159"/>
                        <line branch="false" hits="0" number="160"/>
                        <line branch="false" hits="0" number="162"/>
                        <line branch="false" hits="0" number="163"/>
                        <line branch="false" hits="1" number="172"/>
                        <line branch="false" hits="1" number="173"/>
                        <line branch="false" hits="1" number="174"/>
                        <line branch="false" hits="1" number="175"/>
                        <line branch="false" hits="1" number="176"/>
                        <line branch="false" hits="1" number="181"/>
                        <line branch="false" hits="1" number="182"/>
                        <line branch="false" hits="1" number="183"/>
                        <line branch="false" hits="1" number="184"/>
                        <line branch="false" hits="1" number="186"/>
                        <line branch="false" hits="1" number="187"/>
                        <line branch="false" hits="1" number="189"/>
                        <line branch="false" hits="0" number="190"/>
                        <line branch="false" hits="1" number="192"/>
                        <line branch="false" hits="1" number="196"/>
                        <line branch="false" hits="1" number="197"/>
                        <line branch="false" hits="1" number="198"/>
                        <line branch="false" hits="1" number="199"/>
                        <line branch="false" hits="1" number="200"/>
                        <line branch="false" hits="1" number="201"/>
                        <line branch="false" hits="1" number="203"/>
                        <line branch="false" hits="0" number="204"/>
                        <line branch="false" hits="1" number="206"/>
                        <line branch="false" hits="1" number="210"/>
                        <line branch="false" hits="1" number="211"/>
                        <line branch="false" hits="1" number="212"/>
                        <line branch="false" hits="1" number="213"/>
                        <line branch="false" hits="1" number="214"/>
                        <line branch="false" hits="1" number="215"/>
                        <line branch="false" hits="1" number="217"/>
                        <line branch="false" hits="0" number="218"/>
                        <line branch="false" hits="1" number="220"/>
                        <line branch="false" hits="1" number="223"/>
                        <line branch="false" hits="1" number="225"/>
                        <line branch="false" hits="1" number="228"/>
                        <line branch="false" hits="1" number="229"/>
                        <line branch="false" hits="1" number="232"/>
                        <line branch="false" hits="1" number="233"/>
                        <line branch="false" hits="1" number="236"/>
                        <line branch="false" hits="1" number="237"/>
                        <line branch="false" hits="1" number="240"/>
                        <line branch="false" hits="1" number="241"/>
                        <line branch="false" hits="1" number="244"/>
                        <line branch="false" hits="1" number="249"/>
                        <line branch="false" hits="1" number="250"/>
                        <line branch="false" hits="1" number="253"/>
                        <line branch="false" hits="1" number="255"/>
                        <line branch="false" hits="1" number="256"/>
                        <line branch="false" hits="1" number="257"/>
                        <line branch="false" hits="1" number="260"/>
                        <line branch="false" hits="1" number="261"/>
                        <line branch="false" hits="1" number="262"/>
                        <line branch="false" hits="1" number="263"/>
                        <line branch="false" hits="1" number="268"/>
                        <line branch="false" hits="1" number="269"/>
                        <line branch="false" hits="1" number="270"/>
                        <line branch="false" hits="1" number="271"/>
                        <line branch="false" hits="1" number="272"/>
                        <line branch="false" hits="1" number="273"/>
                        <line branch="false" hits="1" number="275"/>
                        <line branch="false" hits="0" number="276"/>
                        <line branch="false" hits="1" number="278"/>
                        <line branch="false" hits="1" number="282"/>
                        <line branch="false" hits="1" number="283"/>
                        <line branch="false" hits="1" number="284"/>
                        <line branch="false" hits="1" number="285"/>
                        <line branch="false" hits="1" number="286"/>
                        <line branch="false" hits="1" number="287"/>
                        <line branch="false" hits="1" number="289"/>
                        <line branch="false" hits="0" number="290"/>
                        <line branch="false" hits="1" number="292"/>
                        <line branch="false" hits="1" number="296"/>
                        <line branch="false" hits="1" number="297"/>
                        <line branch="false" hits="1" number="298"/>
                        <line branch="false" hits="1" number="299"/>
                        <line branch="false" hits="1" number="300"/>
                        <line branch="false" hits="1" number="301"/>
                        <line branch="false" hits="1" number="303"/>
                        <line branch="false" hits="0" number="304"/>
                        <line branch="false" hits="1" number="306"/>
                    </lines>
                </class>
                <class branch-rate="0" complexity="0" filename="pallets/idn-manager/src/traits/mod.rs" line-rate="0.6666666666666666" name="pallets.idn-manager.src.traits.mod.rs">
                    <methods>
                        <method name="&lt;() as pallet_idn_manager::traits::Subscription&lt;()&gt;&gt;::subscriber" signature="" complexity="0" line-rate="0" branch-rate="0">
                            <lines>
                                <line hits="0" number="191" branch="false"/>
                            </lines>
                        </method>
                        <method name="&lt;pallet_idn_manager::impls::FeesManagerImpl&lt;pallet_idn_manager::tests::mock::TreasuryAccount, pallet_idn_manager::Subscription&lt;sp_core::crypto::AccountId32, u64, u64, bounded_collections::bounded_vec::BoundedVec&lt;u8, pallet_idn_manager::tests::mock::MaxMetadataLen&gt;, [u8; 32usize], bounded_collections::bounded_vec::BoundedVec&lt;u8, pallet_idn_manager::tests::mock::MaxCallDataLen&gt;&gt;, pallet_balances::pallet::Pallet&lt;pallet_idn_manager::tests::mock::Test&gt;, u64, u64, pallet_idn_manager::tests::mock::BaseFee&gt; as pallet_idn_manager::traits::FeesManager&lt;u64, u64, u64, u64, pallet_idn_manager::Subscription&lt;sp_core::crypto::AccountId32, u64, u64, bounded_collections::bounded_vec::BoundedVec&lt;u8, pallet_idn_manager::tests::mock::MaxMetadataLen&gt;, [u8; 32usize], bounded_collections::bounded_vec::BoundedVec&lt;u8, pallet_idn_manager::tests::mock::MaxCallDataLen&gt;&gt;, sp_runtime::DispatchError, sp_core::crypto::AccountId32, pallet_idn_manager::impls::DiffBalanceImpl&lt;u64&gt;&gt;&gt;::calculate_credits" signature="" complexity="0" line-rate="1" branch-rate="1">
                            <lines>
                                <line hits="3" number="159" branch="false"/>
                            </lines>
                        </method>
                        <method name="&lt;pallet_idn_manager::tests::traits::DummyFeesManager as pallet_idn_manager::traits::FeesManager&lt;u32, u32, u32, u32, (), (), (), pallet_idn_manager::tests::traits::DiffBalanceImpl&lt;u32&gt;&gt;&gt;::calculate_credits" signature="" complexity="0" line-rate="0" branch-rate="0">
                            <lines>
                                <line hits="0" number="159" branch="false"/>
                            </lines>
                        </method>
                    </methods>
                    <lines>
                        <line branch="false" hits="3" number="159"/>
                        <line branch="false" hits="3" number="160"/>
                        <line branch="false" hits="3" number="161"/>
                        <line branch="false" hits="3" number="162"/>
                        <line branch="false" hits="3" number="163"/>
                        <line branch="false" hits="3" number="165"/>
                        <line branch="false" hits="0" number="191"/>
                        <line branch="false" hits="0" number="192"/>
                        <line branch="false" hits="0" number="193"/>
                    </lines>
                </class>
            </classes>
        </package>
        <package line-rate="0.5714285714285714" branch-rate="0" name="primitives.traits.src" complexity="0">
            <classes>
                <class branch-rate="0" complexity="0" filename="primitives/traits/src/lib.rs" line-rate="1" name="primitives.traits.src.lib.rs">
                    <methods>
                        <method name="&lt;[u8; 32usize] as sp_idn_traits::Hashable&gt;::hash" signature="" complexity="0" line-rate="1" branch-rate="1">
                            <lines>
                                <line hits="3" number="50" branch="false"/>
                            </lines>
                        </method>
                        <method name="&lt;pallet_idn_manager::primitives::CreateSubParams&lt;u64, u64, bounded_collections::bounded_vec::BoundedVec&lt;u8, pallet_idn_manager::tests::mock::MaxMetadataLen&gt;, [u8; 32usize], bounded_collections::bounded_vec::BoundedVec&lt;u8, pallet_idn_manager::tests::mock::MaxCallDataLen&gt;&gt; as sp_idn_traits::Hashable&gt;::hash" signature="" complexity="0" line-rate="1" branch-rate="1">
                            <lines>
                                <line hits="5046" number="50" branch="false"/>
                            </lines>
                        </method>
                        <method name="&lt;pallet_idn_manager::primitives::CreateSubParams&lt;u64, u32, bounded_collections::bounded_vec::BoundedVec&lt;u8, bp_idn::types::MaxMetadataLen&gt;, [u8; 32usize], bounded_collections::bounded_vec::BoundedVec&lt;u8, bp_idn::types::MaxCallDataLen&gt;&gt; as sp_idn_traits::Hashable&gt;::hash" signature="" complexity="0" line-rate="1" branch-rate="1">
                            <lines>
                                <line hits="8" number="50" branch="false"/>
                            </lines>
                        </method>
                        <method name="&lt;u32 as sp_idn_traits::Hashable&gt;::hash" signature="" complexity="0" line-rate="1" branch-rate="1">
                            <lines>
                                <line hits="3995" number="50" branch="false"/>
                            </lines>
                        </method>
                        <method name="&lt;_ as sp_idn_traits::Hashable&gt;::hash" signature="" complexity="0" line-rate="0" branch-rate="0">
                            <lines>
                                <line hits="0" number="50" branch="false"/>
                            </lines>
                        </method>
                    </methods>
                    <lines>
                        <line branch="false" hits="9052" number="50"/>
                        <line branch="false" hits="9052" number="51"/>
                        <line branch="false" hits="9052" number="53"/>
                        <line branch="false" hits="9052" number="55"/>
                        <line branch="false" hits="9052" number="56"/>
                    </lines>
                </class>
                <class branch-rate="0" complexity="0" filename="primitives/traits/src/pulse.rs" line-rate="0.3333333333333333" name="primitives.traits.src.pulse.rs">
                    <methods>
                        <method name="rust_out::main" signature="" complexity="0" line-rate="1" branch-rate="1">
                            <lines>
                                <line hits="1" number="70" branch="false"/>
                            </lines>
                        </method>
                        <method name="rust_out::main::_doctest_main_primitives_traits_src_pulse_rs_69_0" signature="" complexity="0" line-rate="1" branch-rate="1">
                            <lines>
                                <line hits="1" number="70" branch="false"/>
                            </lines>
                        </method>
                        <method name="&lt;rust_out::main::_doctest_main_primitives_traits_src_pulse_rs_69_0::MyPulse as sp_idn_traits::pulse::Pulse&gt;::authenticate" signature="" complexity="0" line-rate="0" branch-rate="0">
                            <lines>
                                <line hits="0" number="90" branch="false"/>
                            </lines>
                        </method>
                        <method name="&lt;rust_out::main::_doctest_main_primitives_traits_src_pulse_rs_69_0::MyPulse as sp_idn_traits::pulse::Pulse&gt;::end" signature="" complexity="0" line-rate="0" branch-rate="0">
                            <lines>
                                <line hits="0" number="87" branch="false"/>
                            </lines>
                        </method>
                        <method name="&lt;rust_out::main::_doctest_main_primitives_traits_src_pulse_rs_69_0::MyPulse as sp_idn_traits::pulse::Pulse&gt;::sig" signature="" complexity="0" line-rate="0" branch-rate="0">
                            <lines>
                                <line hits="0" number="89" branch="false"/>
                            </lines>
                        </method>
                        <method name="&lt;rust_out::main::_doctest_main_primitives_traits_src_pulse_rs_69_0::MyPulse as sp_idn_traits::pulse::Pulse&gt;::rand" signature="" complexity="0" line-rate="0" branch-rate="0">
                            <lines>
                                <line hits="0" number="85" branch="false"/>
                            </lines>
                        </method>
                        <method name="&lt;rust_out::main::_doctest_main_primitives_traits_src_pulse_rs_69_0::MyPulse as sp_idn_traits::pulse::Pulse&gt;::start" signature="" complexity="0" line-rate="0" branch-rate="0">
                            <lines>
                                <line hits="0" number="86" branch="false"/>
                            </lines>
                        </method>
                        <method name="&lt;rust_out::main::_doctest_main_primitives_traits_src_pulse_rs_69_0::MyPulse as sp_idn_traits::pulse::Pulse&gt;::message" signature="" complexity="0" line-rate="0" branch-rate="0">
                            <lines>
                                <line hits="0" number="88" branch="false"/>
                            </lines>
                        </method>
                    </methods>
                    <lines>
                        <line branch="false" hits="1" number="70"/>
                        <line branch="false" hits="0" number="85"/>
                        <line branch="false" hits="0" number="86"/>
                        <line branch="false" hits="0" number="87"/>
                        <line branch="false" hits="0" number="88"/>
                        <line branch="false" hits="0" number="89"/>
                        <line branch="false" hits="0" number="90"/>
                        <line branch="false" hits="1" number="93"/>
                        <line branch="false" hits="1" number="94"/>
                    </lines>
                </class>
            </classes>
        </package>
        <package line-rate="0.7872340425531915" branch-rate="0" name="contracts.src.xcm" complexity="0">
            <classes>
                <class branch-rate="0" complexity="0" filename="contracts/src/xcm/types.rs" line-rate="0" name="contracts.src.xcm.types.rs">
                    <methods>
                        <method name="&lt;u32 as core::convert::From&lt;idn_contracts::xcm::types::IdnParaId&gt;&gt;::from" signature="" complexity="0" line-rate="0" branch-rate="0">
                            <lines>
                                <line hits="0" number="46" branch="false"/>
                            </lines>
                        </method>
                        <method name="&lt;u32 as core::convert::From&lt;idn_contracts::xcm::types::ConsumerParaId&gt;&gt;::from" signature="" complexity="0" line-rate="0" branch-rate="0">
                            <lines>
                                <line hits="0" number="85" branch="false"/>
                            </lines>
                        </method>
                        <method name="&lt;u8 as core::convert::From&lt;idn_contracts::xcm::types::ContractsPalletIndex&gt;&gt;::from" signature="" complexity="0" line-rate="0" branch-rate="0">
                            <lines>
                                <line hits="0" number="103" branch="false"/>
                            </lines>
                        </method>
                        <method name="&lt;u8 as core::convert::From&lt;idn_contracts::xcm::types::ContractsCallIndex&gt;&gt;::from" signature="" complexity="0" line-rate="0" branch-rate="0">
                            <lines>
                                <line hits="0" number="120" branch="false"/>
                            </lines>
                        </method>
                        <method name="&lt;u8 as core::convert::From&lt;idn_contracts::xcm::types::IdnManagerPalletIndex&gt;&gt;::from" signature="" complexity="0" line-rate="0" branch-rate="0">
                            <lines>
                                <line hits="0" number="66" branch="false"/>
                            </lines>
                        </method>
                    </methods>
                    <lines>
                        <line branch="false" hits="0" number="46"/>
                        <line branch="false" hits="0" number="47"/>
                        <line branch="false" hits="0" number="48"/>
                        <line branch="false" hits="0" number="49"/>
                        <line branch="false" hits="0" number="51"/>
                        <line branch="false" hits="0" number="66"/>
                        <line branch="false" hits="0" number="67"/>
                        <line branch="false" hits="0" number="68"/>
                        <line branch="false" hits="0" number="69"/>
                        <line branch="false" hits="0" number="71"/>
                        <line branch="false" hits="0" number="85"/>
                        <line branch="false" hits="0" number="86"/>
                        <line branch="false" hits="0" number="87"/>
                        <line branch="false" hits="0" number="88"/>
                        <line branch="false" hits="0" number="90"/>
                        <line branch="false" hits="0" number="103"/>
                        <line branch="false" hits="0" number="104"/>
                        <line branch="false" hits="0" number="105"/>
                        <line branch="false" hits="0" number="106"/>
                        <line branch="false" hits="0" number="108"/>
                        <line branch="false" hits="0" number="120"/>
                        <line branch="false" hits="0" number="121"/>
                        <line branch="false" hits="0" number="122"/>
                        <line branch="false" hits="0" number="123"/>
                        <line branch="false" hits="0" number="125"/>
                    </lines>
                </class>
                <class branch-rate="0" complexity="0" filename="contracts/src/xcm/mod.rs" line-rate="0.8519736842105263" name="contracts.src.xcm.mod.rs">
                    <methods>
                        <method name="idn_contracts::xcm::tests::test_pulse_encode_decode::{closure#0}::{closure#0}" signature="" complexity="0" line-rate="0" branch-rate="0">
                            <lines>
                                <line hits="0" number="1203" branch="false"/>
                            </lines>
                        </method>
                        <method name="idn_contracts::xcm::tests::test_pulse_encode_decode::{closure#0}" signature="" complexity="0" line-rate="1" branch-rate="1">
                            <lines>
                                <line hits="1" number="1202" branch="false"/>
                            </lines>
                        </method>
                        <method name="&lt;idn_contracts::xcm::_::__ink_TraitMessageBuilderIdnConsumer&lt;_&gt; as scale_info::TypeInfo&gt;::type_info::{closure#0}" signature="" complexity="0" line-rate="0" branch-rate="0">
                            <lines>
                                <line hits="0" number="375" branch="false"/>
                            </lines>
                        </method>
                        <method name="&lt;idn_contracts::xcm::IdnClient&gt;::account_id" signature="" complexity="0" line-rate="1" branch-rate="1">
                            <lines>
                                <line hits="1" number="825" branch="false"/>
                            </lines>
                        </method>
                        <method name="&lt;idn_contracts::xcm::IdnClient&gt;::generate_call" signature="" complexity="0" line-rate="1" branch-rate="1">
                            <lines>
                                <line hits="6" number="933" branch="false"/>
                            </lines>
                        </method>
                        <method name="&lt;idn_contracts::xcm::IdnClient&gt;::request_quote" signature="" complexity="0" line-rate="1" branch-rate="1">
                            <lines>
                                <line hits="2" number="637" branch="false"/>
                            </lines>
                        </method>
                        <method name="&lt;idn_contracts::xcm::IdnClient&gt;::is_valid_pulse" signature="" complexity="0" line-rate="0" branch-rate="0">
                            <lines>
                                <line hits="0" number="701" branch="false"/>
                            </lines>
                        </method>
                        <method name="&lt;idn_contracts::xcm::IdnClient&gt;::get_idn_para_id" signature="" complexity="0" line-rate="1" branch-rate="1">
                            <lines>
                                <line hits="5" number="456" branch="false"/>
                            </lines>
                        </method>
                        <method name="&lt;idn_contracts::xcm::IdnClient&gt;::get_self_para_id" signature="" complexity="0" line-rate="1" branch-rate="1">
                            <lines>
                                <line hits="9" number="480" branch="false"/>
                            </lines>
                        </method>
                        <method name="&lt;idn_contracts::xcm::IdnClient&gt;::request_sub_info" signature="" complexity="0" line-rate="1" branch-rate="1">
                            <lines>
                                <line hits="2" number="653" branch="false"/>
                            </lines>
                        </method>
                        <method name="&lt;idn_contracts::xcm::IdnClient&gt;::kill_subscription" signature="" complexity="0" line-rate="1" branch-rate="1">
                            <lines>
                                <line hits="1" number="621" branch="false"/>
                            </lines>
                        </method>
                        <method name="&lt;idn_contracts::xcm::IdnClient&gt;::pause_subscription" signature="" complexity="0" line-rate="1" branch-rate="1">
                            <lines>
                                <line hits="1" number="558" branch="false"/>
                            </lines>
                        </method>
                        <method name="&lt;idn_contracts::xcm::IdnClient&gt;::create_subscription" signature="" complexity="0" line-rate="1" branch-rate="1">
                            <lines>
                                <line hits="5" number="504" branch="false"/>
                            </lines>
                        </method>
                        <method name="&lt;idn_contracts::xcm::IdnClient&gt;::pulse_callback_data" signature="" complexity="0" line-rate="1" branch-rate="1">
                            <lines>
                                <line hits="6" number="851" branch="false"/>
                            </lines>
                        </method>
                        <method name="&lt;idn_contracts::xcm::IdnClient&gt;::update_subscription" signature="" complexity="0" line-rate="1" branch-rate="1">
                            <lines>
                                <line hits="3" number="595" branch="false"/>
                            </lines>
                        </method>
                        <method name="&lt;idn_contracts::xcm::IdnClient&gt;::sibling_idn_location" signature="" complexity="0" line-rate="1" branch-rate="1">
                            <lines>
                                <line hits="1" number="801" branch="false"/>
                            </lines>
                        </method>
                        <method name="&lt;idn_contracts::xcm::IdnClient&gt;::contract_idn_location" signature="" complexity="0" line-rate="1" branch-rate="1">
                            <lines>
                                <line hits="1" number="813" branch="false"/>
                            </lines>
                        </method>
                        <method name="&lt;idn_contracts::xcm::IdnClient&gt;::reactivate_subscription" signature="" complexity="0" line-rate="1" branch-rate="1">
                            <lines>
                                <line hits="1" number="575" branch="false"/>
                            </lines>
                        </method>
                        <method name="&lt;idn_contracts::xcm::IdnClient&gt;::self_para_sibling_location" signature="" complexity="0" line-rate="1" branch-rate="1">
                            <lines>
                                <line hits="5" number="717" branch="false"/>
                            </lines>
                        </method>
                        <method name="&lt;idn_contracts::xcm::IdnClient&gt;::get_idn_manager_pallet_index" signature="" complexity="0" line-rate="1" branch-rate="1">
                            <lines>
                                <line hits="4" number="448" branch="false"/>
                            </lines>
                        </method>
                        <method name="&lt;idn_contracts::xcm::IdnClient&gt;::get_self_contract_call_index" signature="" complexity="0" line-rate="1" branch-rate="1">
                            <lines>
                                <line hits="6" number="472" branch="false"/>
                            </lines>
                        </method>
                        <method name="&lt;idn_contracts::xcm::IdnClient&gt;::get_self_contracts_pallet_index" signature="" complexity="0" line-rate="1" branch-rate="1">
                            <lines>
                                <line hits="10" number="464" branch="false"/>
                            </lines>
                        </method>
                        <method name="&lt;idn_contracts::xcm::IdnClient&gt;::new" signature="" complexity="0" line-rate="1" branch-rate="1">
                            <lines>
                                <line hits="9" number="426" branch="false"/>
                            </lines>
                        </method>
                        <method name="&lt;idn_contracts::xcm::IdnClient&gt;::xcm_send" signature="" complexity="0" line-rate="1" branch-rate="1">
                            <lines>
                                <line hits="10" number="788" branch="false"/>
                            </lines>
                        </method>
                        <method name="idn_contracts::xcm::tests::mock_client" signature="" complexity="0" line-rate="1" branch-rate="1">
                            <lines>
                                <line hits="8" number="973" branch="false"/>
                            </lines>
                        </method>
                        <method name="idn_contracts::xcm::tests::create_subscription" signature="" complexity="0" line-rate="1" branch-rate="1">
                            <lines>
                                <line hits="2" number="984" branch="false"/>
                            </lines>
                        </method>
                        <method name="idn_contracts::xcm::tests::test_edge_cases" signature="" complexity="0" line-rate="1" branch-rate="1">
                            <lines>
                                <line hits="1" number="1031" branch="false"/>
                            </lines>
                        </method>
                        <method name="idn_contracts::xcm::tests::test_error_handling" signature="" complexity="0" line-rate="1" branch-rate="1">
                            <lines>
                                <line hits="1" number="1048" branch="false"/>
                            </lines>
                        </method>
                        <method name="idn_contracts::xcm::tests::test_pulse_encode_decode" signature="" complexity="0" line-rate="1" branch-rate="1">
                            <lines>
                                <line hits="1" number="1195" branch="false"/>
                            </lines>
                        </method>
                        <method name="idn_contracts::xcm::tests::test_update_subscription_api" signature="" complexity="0" line-rate="1" branch-rate="1">
                            <lines>
                                <line hits="1" number="1088" branch="false"/>
                            </lines>
                        </method>
                        <method name="idn_contracts::xcm::tests::test_client_encoding_decoding" signature="" complexity="0" line-rate="1" branch-rate="1">
                            <lines>
                                <line hits="1" number="1009" branch="false"/>
                            </lines>
                        </method>
                        <method name="idn_contracts::xcm::tests::test_client_basic_functionality" signature="" complexity="0" line-rate="1" branch-rate="1">
                            <lines>
                                <line hits="1" number="994" branch="false"/>
                            </lines>
                        </method>
                        <method name="idn_contracts::xcm::tests::test_subscription_management_api" signature="" complexity="0" line-rate="1" branch-rate="1">
                            <lines>
                                <line hits="1" number="1066" branch="false"/>
                            </lines>
                        </method>
                        <method name="idn_contracts::xcm::tests::test_create_subscription_edge_values" signature="" complexity="0" line-rate="1" branch-rate="1">
                            <lines>
                                <line hits="1" number="1108" branch="false"/>
                            </lines>
                        </method>
                        <method name="idn_contracts::xcm::tests::test_create_subscription_xcm_send_failure" signature="" complexity="0" line-rate="1" branch-rate="1">
                            <lines>
                                <line hits="1" number="1057" branch="false"/>
                            </lines>
                        </method>
                        <method name="&lt;ink::reflect::trait_def::registry::TraitDefinitionRegistry&lt;_&gt; as idn_contracts::xcm::IdnConsumer&gt;::consume_pulse" signature="" complexity="0" line-rate="0" branch-rate="0">
                            <lines>
                                <line hits="0" number="348" branch="false"/>
                            </lines>
                        </method>
                        <method name="&lt;ink::reflect::trait_def::registry::TraitDefinitionRegistry&lt;_&gt; as idn_contracts::xcm::IdnConsumer&gt;::consume_quote" signature="" complexity="0" line-rate="0" branch-rate="0">
                            <lines>
                                <line hits="0" number="361" branch="false"/>
                            </lines>
                        </method>
                        <method name="&lt;ink::reflect::trait_def::registry::TraitDefinitionRegistry&lt;_&gt; as idn_contracts::xcm::IdnConsumer&gt;::consume_sub_info" signature="" complexity="0" line-rate="0" branch-rate="0">
                            <lines>
                                <line hits="0" number="374" branch="false"/>
                            </lines>
                        </method>
                        <method name="&lt;idn_contracts::xcm::_::__ink_TraitMessageBuilderIdnConsumer&lt;_&gt; as core::default::Default&gt;::default" signature="" complexity="0" line-rate="0" branch-rate="0">
                            <lines>
                                <line hits="0" number="375" branch="false"/>
                            </lines>
                        </method>
                        <method name="&lt;idn_contracts::xcm::_::__ink_TraitCallBuilderIdnConsumer&lt;_&gt; as ink_storage_traits::layout::StorageLayout&gt;::layout" signature="" complexity="0" line-rate="0" branch-rate="0">
                            <lines>
                                <line hits="0" number="375" branch="false"/>
                            </lines>
                        </method>
                        <method name="&lt;idn_contracts::xcm::_::__ink_TraitCallBuilderIdnConsumer&lt;_&gt; as core::clone::Clone&gt;::clone" signature="" complexity="0" line-rate="0" branch-rate="0">
                            <lines>
                                <line hits="0" number="375" branch="false"/>
                            </lines>
                        </method>
                        <method name="&lt;idn_contracts::xcm::_::__ink_TraitCallBuilderIdnConsumer&lt;_&gt; as core::fmt::Debug&gt;::fmt" signature="" complexity="0" line-rate="0" branch-rate="0">
                            <lines>
                                <line hits="0" number="375" branch="false"/>
                            </lines>
                        </method>
                        <method name="&lt;idn_contracts::xcm::_::__ink_TraitCallBuilderIdnConsumer&lt;_&gt; as scale_info::TypeInfo&gt;::type_info" signature="" complexity="0" line-rate="0" branch-rate="0">
                            <lines>
                                <line hits="0" number="375" branch="false"/>
                            </lines>
                        </method>
[...]
                        <line branch="false" hits="0" number="110"/>
                        <line branch="false" hits="0" number="115"/>
                        <line branch="false" hits="0" number="116"/>
                        <line branch="false" hits="0" number="117"/>
                        <line branch="false" hits="14" number="131"/>
                        <line branch="false" hits="14" number="132"/>
                        <line branch="false" hits="14" number="133"/>
                        <line branch="false" hits="14" number="134"/>
                        <line branch="false" hits="14" number="135"/>
                        <line branch="false" hits="14" number="137"/>
                        <line branch="false" hits="14" number="138"/>
                    </lines>
                </class>
            </classes>
        </package>
        <package line-rate="0.9906542056074766" branch-rate="0" name="contracts.src.vraas" complexity="0">
            <classes>
                <class branch-rate="0" complexity="0" filename="contracts/src/vraas/select.rs" line-rate="0.9882352941176471" name="contracts.src.vraas.select.rs">
                    <methods>
                        <method name="idn_contracts::vraas::select::select::&lt;u8&gt;" signature="" complexity="0" line-rate="1" branch-rate="1">
                            <lines>
                                <line hits="6" number="29" branch="false"/>
                            </lines>
                        </method>
                        <method name="idn_contracts::vraas::select::tests::test_select_empty_zero_elems" signature="" complexity="0" line-rate="1" branch-rate="1">
                            <lines>
                                <line hits="1" number="67" branch="false"/>
                            </lines>
                        </method>
                        <method name="idn_contracts::vraas::select::tests::test_select_nonempty_zero_elems" signature="" complexity="0" line-rate="1" branch-rate="1">
                            <lines>
                                <line hits="1" number="95" branch="false"/>
                            </lines>
                        </method>
                        <method name="idn_contracts::vraas::select::tests::test_select_nonempty_n_elem_gets_n" signature="" complexity="0" line-rate="1" branch-rate="1">
                            <lines>
                                <line hits="1" number="124" branch="false"/>
                            </lines>
                        </method>
                        <method name="idn_contracts::vraas::select::tests::test_select_nonempty_one_elem_gets_one" signature="" complexity="0" line-rate="1" branch-rate="1">
                            <lines>
                                <line hits="1" number="109" branch="false"/>
                            </lines>
                        </method>
                        <method name="idn_contracts::vraas::select::tests::test_select_empty_1_elems_selects_nothing" signature="" complexity="0" line-rate="1" branch-rate="1">
                            <lines>
                                <line hits="1" number="81" branch="false"/>
                            </lines>
                        </method>
                        <method name="idn_contracts::vraas::select::tests::test_select_oversize_does_not_exceed_max_size" signature="" complexity="0" line-rate="1" branch-rate="1">
                            <lines>
                                <line hits="1" number="141" branch="false"/>
                            </lines>
                        </method>
                        <method name="&lt;idn_contracts::vraas::select::tests::MockRandExtension as ink_engine::chain_extension::ChainExtension&gt;::call" signature="" complexity="0" line-rate="1" branch-rate="1">
                            <lines>
                                <line hits="6" number="56" branch="false"/>
                            </lines>
                        </method>
                        <method name="&lt;idn_contracts::vraas::select::tests::MockRandExtension as ink_engine::chain_extension::ChainExtension&gt;::ext_id" signature="" complexity="0" line-rate="1" branch-rate="1">
                            <lines>
                                <line hits="6" number="52" branch="false"/>
                            </lines>
                        </method>
                    </methods>
                    <lines>
                        <line branch="false" hits="6" number="29"/>
                        <line branch="false" hits="6" number="30"/>
                        <line branch="false" hits="6" number="31"/>
                        <line branch="false" hits="6" number="32"/>
                        <line branch="false" hits="6" number="33"/>
                        <line branch="false" hits="6" number="34"/>
                        <line branch="false" hits="6" number="35"/>
                        <line branch="false" hits="6" number="36"/>
                        <line branch="false" hits="6" number="37"/>
                        <line branch="false" hits="6" number="38"/>
                        <line branch="false" hits="6" number="52"/>
                        <line branch="false" hits="6" number="53"/>
                        <line branch="false" hits="6" number="54"/>
                        <line branch="false" hits="6" number="56"/>
                        <line branch="false" hits="6" number="57"/>
                        <line branch="false" hits="0" number="58"/>
                        <line branch="false" hits="6" number="59"/>
                        <line branch="false" hits="6" number="61"/>
                        <line branch="false" hits="6" number="62"/>
                        <line branch="false" hits="6" number="63"/>
                        <line branch="false" hits="1" number="67"/>
                        <line branch="false" hits="1" number="69"/>
                        <line branch="false" hits="1" number="70"/>
                        <line branch="false" hits="1" number="71"/>
                        <line branch="false" hits="1" number="72"/>
                        <line branch="false" hits="1" number="74"/>
                        <line branch="false" hits="1" number="75"/>
                        <line branch="false" hits="1" number="76"/>
                        <line branch="false" hits="1" number="77"/>
                        <line branch="false" hits="1" number="78"/>
                        <line branch="false" hits="1" number="81"/>
                        <line branch="false" hits="1" number="83"/>
                        <line branch="false" hits="1" number="84"/>
                        <line branch="false" hits="1" number="85"/>
                        <line branch="false" hits="1" number="86"/>
                        <line branch="false" hits="1" number="88"/>
                        <line branch="false" hits="1" number="89"/>
                        <line branch="false" hits="1" number="90"/>
                        <line branch="false" hits="1" number="91"/>
                        <line branch="false" hits="1" number="92"/>
                        <line branch="false" hits="1" number="95"/>
                        <line branch="false" hits="1" number="97"/>
                        <line branch="false" hits="1" number="98"/>
                        <line branch="false" hits="1" number="99"/>
                        <line branch="false" hits="1" number="100"/>
                        <line branch="false" hits="1" number="102"/>
                        <line branch="false" hits="1" number="103"/>
                        <line branch="false" hits="1" number="104"/>
                        <line branch="false" hits="1" number="105"/>
                        <line branch="false" hits="1" number="106"/>
                        <line branch="false" hits="1" number="109"/>
                        <line branch="false" hits="1" number="111"/>
                        <line branch="false" hits="1" number="112"/>
                        <line branch="false" hits="1" number="113"/>
                        <line branch="false" hits="1" number="114"/>
                        <line branch="false" hits="1" number="116"/>
                        <line branch="false" hits="1" number="117"/>
                        <line branch="false" hits="1" number="118"/>
                        <line branch="false" hits="1" number="119"/>
                        <line branch="false" hits="1" number="120"/>
                        <line branch="false" hits="1" number="121"/>
                        <line branch="false" hits="1" number="124"/>
                        <line branch="false" hits="1" number="126"/>
                        <line branch="false" hits="1" number="127"/>
                        <line branch="false" hits="1" number="128"/>
                        <line branch="false" hits="1" number="129"/>
                        <line branch="false" hits="1" number="131"/>
                        <line branch="false" hits="1" number="132"/>
                        <line branch="false" hits="1" number="133"/>
                        <line branch="false" hits="1" number="134"/>
                        <line branch="false" hits="2" number="135"/>
                        <line branch="false" hits="2" number="136"/>
                        <line branch="false" hits="1" number="138"/>
                        <line branch="false" hits="1" number="141"/>
                        <line branch="false" hits="1" number="143"/>
                        <line branch="false" hits="1" number="144"/>
                        <line branch="false" hits="1" number="145"/>
                        <line branch="false" hits="1" number="146"/>
                        <line branch="false" hits="1" number="148"/>
                        <line branch="false" hits="1" number="149"/>
                        <line branch="false" hits="1" number="150"/>
                        <line branch="false" hits="1" number="151"/>
                        <line branch="false" hits="2" number="152"/>
                        <line branch="false" hits="2" number="153"/>
                        <line branch="false" hits="1" number="155"/>
                    </lines>
                </class>
                <class branch-rate="0" complexity="0" filename="contracts/src/vraas/shuffle.rs" line-rate="1" name="contracts.src.vraas.shuffle.rs">
                    <methods>
                        <method name="idn_contracts::vraas::shuffle::shuffle::&lt;u8&gt;" signature="" complexity="0" line-rate="1" branch-rate="1">
                            <lines>
                                <line hits="5" number="26" branch="false"/>
                            </lines>
                        </method>
                        <method name="&lt;idn_contracts::vraas::shuffle::tests::MockRandExtension as ink_engine::chain_extension::ChainExtension&gt;::call" signature="" complexity="0" line-rate="1" branch-rate="1">
                            <lines>
                                <line hits="5" number="56" branch="false"/>
                            </lines>
                        </method>
                        <method name="&lt;idn_contracts::vraas::shuffle::tests::MockRandExtension as ink_engine::chain_extension::ChainExtension&gt;::ext_id" signature="" complexity="0" line-rate="1" branch-rate="1">
                            <lines>
                                <line hits="5" number="52" branch="false"/>
                            </lines>
                        </method>
                    </methods>
                    <lines>
                        <line branch="false" hits="5" number="26"/>
                        <line branch="false" hits="5" number="27"/>
                        <line branch="false" hits="5" number="28"/>
                        <line branch="false" hits="5" number="29"/>
                        <line branch="false" hits="5" number="30"/>
                        <line branch="false" hits="5" number="31"/>
                        <line branch="false" hits="5" number="32"/>
                        <line branch="false" hits="5" number="34"/>
                        <line branch="false" hits="4" number="35"/>
                        <line branch="false" hits="4" number="36"/>
                        <line branch="false" hits="4" number="37"/>
                        <line branch="false" hits="5" number="38"/>
                        <line branch="false" hits="5" number="52"/>
                        <line branch="false" hits="5" number="53"/>
                        <line branch="false" hits="5" number="54"/>
                        <line branch="false" hits="5" number="56"/>
                        <line branch="false" hits="5" number="57"/>
                        <line branch="false" hits="1" number="58"/>
                        <line branch="false" hits="4" number="59"/>
                        <line branch="false" hits="4" number="60"/>
                        <line branch="false" hits="4" number="61"/>
                        <line branch="false" hits="5" number="62"/>
                    </lines>
                </class>
            </classes>
        </package>
        <package line-rate="0.9032258064516129" branch-rate="0" name="primitives.consensus.randomness-beacon.src" complexity="0">
            <classes>
                <class branch-rate="0" complexity="0" filename="primitives/consensus/randomness-beacon/src/types.rs" line-rate="0.9032258064516129" name="primitives.consensus.randomness-beacon.src.types.rs">
                    <methods>
                        <method name="&lt;sp_consensus_randomness_beacon::types::ProtoPulse as core::convert::TryInto&lt;sp_consensus_randomness_beacon::types::CanonicalPulse&gt;&gt;::try_into::{closure#0}" signature="" complexity="0" line-rate="1" branch-rate="1">
                            <lines>
                                <line hits="1" number="76" branch="false"/>
                            </lines>
                        </method>
                        <method name="&lt;sp_consensus_randomness_beacon::types::ProtoPulse as core::convert::TryInto&lt;sp_consensus_randomness_beacon::types::CanonicalPulse&gt;&gt;::try_into::{closure#0}" signature="" complexity="0" line-rate="1" branch-rate="1">
                            <lines>
                                <line hits="2" number="76" branch="false"/>
                            </lines>
                        </method>
                        <method name="sp_consensus_randomness_beacon::types::tests::valid_pulse" signature="" complexity="0" line-rate="1" branch-rate="1">
                            <lines>
                                <line hits="1" number="87" branch="false"/>
                            </lines>
                        </method>
                        <method name="sp_consensus_randomness_beacon::types::tests::invalid_pulse" signature="" complexity="0" line-rate="1" branch-rate="1">
                            <lines>
                                <line hits="1" number="91" branch="false"/>
                            </lines>
                        </method>
                        <method name="sp_consensus_randomness_beacon::types::tests::test_pulse_to_opaque_pulse_conversion" signature="" complexity="0" line-rate="1" branch-rate="1">
                            <lines>
                                <line hits="1" number="96" branch="false"/>
                            </lines>
                        </method>
                        <method name="sp_consensus_randomness_beacon::types::tests::test_pulse_with_invalid_signature_fails" signature="" complexity="0" line-rate="1" branch-rate="1">
                            <lines>
                                <line hits="1" number="106" branch="false"/>
                            </lines>
                        </method>
                        <method name="&lt;sp_consensus_randomness_beacon::types::CanonicalPulse as core::default::Default&gt;::default" signature="" complexity="0" line-rate="0" branch-rate="0">
                            <lines>
                                <line hits="0" number="63" branch="false"/>
                            </lines>
                        </method>
                        <method name="&lt;sp_consensus_randomness_beacon::types::CanonicalPulse as core::default::Default&gt;::default" signature="" complexity="0" line-rate="0" branch-rate="0">
                            <lines>
                                <line hits="0" number="63" branch="false"/>
                            </lines>
                        </method>
                        <method name="&lt;sp_consensus_randomness_beacon::types::ProtoPulse as core::convert::TryInto&lt;sp_consensus_randomness_beacon::types::CanonicalPulse&gt;&gt;::try_into" signature="" complexity="0" line-rate="1" branch-rate="1">
                            <lines>
                                <line hits="2" number="71" branch="false"/>
                            </lines>
                        </method>
                        <method name="&lt;sp_consensus_randomness_beacon::types::ProtoPulse as core::convert::TryInto&lt;sp_consensus_randomness_beacon::types::CanonicalPulse&gt;&gt;::try_into" signature="" complexity="0" line-rate="1" branch-rate="1">
                            <lines>
                                <line hits="9" number="71" branch="false"/>
                            </lines>
                        </method>
                    </methods>
                    <lines>
                        <line branch="false" hits="0" number="63"/>
                        <line branch="false" hits="0" number="64"/>
                        <line branch="false" hits="0" number="65"/>
                        <line branch="false" hits="11" number="71"/>
                        <line branch="false" hits="11" number="72"/>
                        <line branch="false" hits="11" number="73"/>
                        <line branch="false" hits="11" number="74"/>
                        <line branch="false" hits="11" number="75"/>
                        <line branch="false" hits="11" number="76"/>
                        <line branch="false" hits="8" number="78"/>
                        <line branch="false" hits="11" number="79"/>
                        <line branch="false" hits="1" number="87"/>
                        <line branch="false" hits="1" number="88"/>
                        <line branch="false" hits="1" number="89"/>
                        <line branch="false" hits="1" number="91"/>
                        <line branch="false" hits="1" number="92"/>
                        <line branch="false" hits="1" number="93"/>
                        <line branch="false" hits="1" number="96"/>
                        <line branch="false" hits="1" number="97"/>
                        <line branch="false" hits="1" number="98"/>
                        <line branch="false" hits="1" number="99"/>
                        <line branch="false" hits="1" number="100"/>
                        <line branch="false" hits="1" number="101"/>
                        <line branch="false" hits="1" number="102"/>
                        <line branch="false" hits="1" number="103"/>
                        <line branch="false" hits="1" number="106"/>
                        <line branch="false" hits="1" number="107"/>
                        <line branch="false" hits="1" number="108"/>
                        <line branch="false" hits="1" number="109"/>
                        <line branch="false" hits="1" number="110"/>
                        <line branch="false" hits="1" number="111"/>
                    </lines>
                </class>
            </classes>
        </package>
    </packages>
</coverage>